ERROR - 2025-04-25 19:34:26 --> Array
(
    [0] => Array
        (
            [distributor_code] => 112
            [distributor_name] => PT. Makmur Jaya
            [owner_name] => Budiono
            [address] => Jl. Sibolga Barat
            [region_code] => 3811
            [region_name] => REGION I
            [area] => West
        )

    [1] => Array
        (
            [distributor_code] => 113
            [distributor_name] => PT. Dunia Motor
            [owner_name] => Sulistiyono
            [address] => Jl. Sei Silau Timur
            [region_code] => 3811
            [region_name] => REGION I
            [area] => West
        )

    [2] => Array
        (
            [distributor_code] => 211
            [distributor_name] => PT. Sigma Motor
            [owner_name] => Debora
            [address] => Jl. Medan Merdeka Tenggara
            [region_code] => 3812
            [region_name] => REGION II
            [area] => West
        )

    [3] => Array
        (
            [distributor_code] => 314
            [distributor_name] => PT. Sumber Cahaya
            [owner_name] => Hikmawati
            [address] => Jl. Medan Merdeka Selatan
            [region_code] => 3813
            [region_name] => REGION III
            [area] => West
        )

    [4] => Array
        (
            [distributor_code] => 411
            [distributor_name] => PT. Kusuma Negara
            [owner_name] => Emmelina
            [address] => Jl. Medan Merdeka Barat
            [region_code] => 3814
            [region_name] => REGION IV
            [area] => West
        )

    [5] => Array
        (
            [distributor_code] => 513
            [distributor_name] => PT. Kurniadi Makmur
            [owner_name] => Anwar
            [address] => Jl. Surabaya Barat
            [region_code] => 3815
            [region_name] => REGION V
            [area] => East
        )

    [6] => Array
        (
            [distributor_code] => 612
            [distributor_name] => PT. Kapuas Jaya
            [owner_name] => Rudiyanto
            [address] => Jl. Sungai Kapuas
            [region_code] => 3816
            [region_name] => REGION VI
            [area] => East
        )

    [7] => Array
        (
            [distributor_code] => 711
            [distributor_name] => PT. Aneka Raya
            [owner_name] => Ignasius
            [address] => Jl. Ambon Raya
            [region_code] => 3817
            [region_name] => REGION VII
            [area] => East
        )

)

DEBUG - 2025-04-25 19:34:26 --> Counting for region: 
DEBUG - 2025-04-25 19:34:26 --> SQL: SELECT FOUND_ROWS() as count
ERROR - 2025-04-25 19:37:37 --> Array
(
    [0] => Array
        (
            [distributor_code] => 112
            [distributor_name] => PT. Makmur Jaya
            [owner_name] => Budiono
            [address] => Jl. Sibolga Barat
            [region_code] => 3811
            [region_name] => REGION I
            [area] => West
        )

    [1] => Array
        (
            [distributor_code] => 113
            [distributor_name] => PT. Dunia Motor
            [owner_name] => Sulistiyono
            [address] => Jl. Sei Silau Timur
            [region_code] => 3811
            [region_name] => REGION I
            [area] => West
        )

    [2] => Array
        (
            [distributor_code] => 211
            [distributor_name] => PT. Sigma Motor
            [owner_name] => Debora
            [address] => Jl. Medan Merdeka Tenggara
            [region_code] => 3812
            [region_name] => REGION II
            [area] => West
        )

    [3] => Array
        (
            [distributor_code] => 314
            [distributor_name] => PT. Sumber Cahaya
            [owner_name] => Hikmawati
            [address] => Jl. Medan Merdeka Selatan
            [region_code] => 3813
            [region_name] => REGION III
            [area] => West
        )

    [4] => Array
        (
            [distributor_code] => 411
            [distributor_name] => PT. Kusuma Negara
            [owner_name] => Emmelina
            [address] => Jl. Medan Merdeka Barat
            [region_code] => 3814
            [region_name] => REGION IV
            [area] => West
        )

    [5] => Array
        (
            [distributor_code] => 513
            [distributor_name] => PT. Kurniadi Makmur
            [owner_name] => Anwar
            [address] => Jl. Surabaya Barat
            [region_code] => 3815
            [region_name] => REGION V
            [area] => East
        )

    [6] => Array
        (
            [distributor_code] => 612
            [distributor_name] => PT. Kapuas Jaya
            [owner_name] => Rudiyanto
            [address] => Jl. Sungai Kapuas
            [region_code] => 3816
            [region_name] => REGION VI
            [area] => East
        )

    [7] => Array
        (
            [distributor_code] => 711
            [distributor_name] => PT. Aneka Raya
            [owner_name] => Ignasius
            [address] => Jl. Ambon Raya
            [region_code] => 3817
            [region_name] => REGION VII
            [area] => East
        )

)

DEBUG - 2025-04-25 19:37:37 --> Counting for region: 
DEBUG - 2025-04-25 19:37:37 --> SQL: SELECT FOUND_ROWS() as count
DEBUG - 2025-04-25 19:37:38 --> Actual count: 8
ERROR - 2025-04-25 19:37:41 --> Array
(
    [0] => Array
        (
            [distributor_code] => 211
            [distributor_name] => PT. Sigma Motor
            [owner_name] => Debora
            [address] => Jl. Medan Merdeka Tenggara
            [region_code] => 3812
            [region_name] => REGION II
            [area] => West
        )

)

DEBUG - 2025-04-25 19:37:41 --> Counting for region: 3812
DEBUG - 2025-04-25 19:37:41 --> SQL: SELECT FOUND_ROWS() as count
DEBUG - 2025-04-25 19:37:42 --> Actual count: 1
ERROR - 2025-04-25 19:38:16 --> Array
(
    [0] => Array
        (
            [distributor_code] => 112
            [distributor_name] => PT. Makmur Jaya
            [owner_name] => Budiono
            [address] => Jl. Sibolga Barat
            [region_code] => 3811
            [region_name] => REGION I
            [area] => West
        )

    [1] => Array
        (
            [distributor_code] => 113
            [distributor_name] => PT. Dunia Motor
            [owner_name] => Sulistiyono
            [address] => Jl. Sei Silau Timur
            [region_code] => 3811
            [region_name] => REGION I
            [area] => West
        )

    [2] => Array
        (
            [distributor_code] => 211
            [distributor_name] => PT. Sigma Motor
            [owner_name] => Debora
            [address] => Jl. Medan Merdeka Tenggara
            [region_code] => 3812
            [region_name] => REGION II
            [area] => West
        )

    [3] => Array
        (
            [distributor_code] => 314
            [distributor_name] => PT. Sumber Cahaya
            [owner_name] => Hikmawati
            [address] => Jl. Medan Merdeka Selatan
            [region_code] => 3813
            [region_name] => REGION III
            [area] => West
        )

    [4] => Array
        (
            [distributor_code] => 411
            [distributor_name] => PT. Kusuma Negara
            [owner_name] => Emmelina
            [address] => Jl. Medan Merdeka Barat
            [region_code] => 3814
            [region_name] => REGION IV
            [area] => West
        )

    [5] => Array
        (
            [distributor_code] => 513
            [distributor_name] => PT. Kurniadi Makmur
            [owner_name] => Anwar
            [address] => Jl. Surabaya Barat
            [region_code] => 3815
            [region_name] => REGION V
            [area] => East
        )

    [6] => Array
        (
            [distributor_code] => 612
            [distributor_name] => PT. Kapuas Jaya
            [owner_name] => Rudiyanto
            [address] => Jl. Sungai Kapuas
            [region_code] => 3816
            [region_name] => REGION VI
            [area] => East
        )

    [7] => Array
        (
            [distributor_code] => 711
            [distributor_name] => PT. Aneka Raya
            [owner_name] => Ignasius
            [address] => Jl. Ambon Raya
            [region_code] => 3817
            [region_name] => REGION VII
            [area] => East
        )

)

DEBUG - 2025-04-25 19:38:16 --> Counting for region: 
DEBUG - 2025-04-25 19:38:16 --> SQL: SELECT FOUND_ROWS() as count
DEBUG - 2025-04-25 19:38:17 --> Actual count: 8
ERROR - 2025-04-25 19:38:22 --> Array
(
    [0] => Array
        (
            [distributor_code] => 314
            [distributor_name] => PT. Sumber Cahaya
            [owner_name] => Hikmawati
            [address] => Jl. Medan Merdeka Selatan
            [region_code] => 3813
            [region_name] => REGION III
            [area] => West
        )

)

DEBUG - 2025-04-25 19:38:22 --> Counting for region: 3813
DEBUG - 2025-04-25 19:38:22 --> SQL: SELECT FOUND_ROWS() as count
DEBUG - 2025-04-25 19:38:22 --> Actual count: 1
ERROR - 2025-04-25 19:38:26 --> Array
(
    [0] => Array
        (
            [distributor_code] => 112
            [distributor_name] => PT. Makmur Jaya
            [owner_name] => Budiono
            [address] => Jl. Sibolga Barat
            [region_code] => 3811
            [region_name] => REGION I
            [area] => West
        )

    [1] => Array
        (
            [distributor_code] => 113
            [distributor_name] => PT. Dunia Motor
            [owner_name] => Sulistiyono
            [address] => Jl. Sei Silau Timur
            [region_code] => 3811
            [region_name] => REGION I
            [area] => West
        )

)

DEBUG - 2025-04-25 19:38:26 --> Counting for region: 3811
DEBUG - 2025-04-25 19:38:26 --> SQL: SELECT FOUND_ROWS() as count
DEBUG - 2025-04-25 19:38:26 --> Actual count: 2
ERROR - 2025-04-25 19:38:45 --> Array
(
    [0] => Array
        (
            [distributor_code] => 112
            [distributor_name] => PT. Makmur Jaya
            [owner_name] => Budiono
            [address] => Jl. Sibolga Barat
            [region_code] => 3811
            [region_name] => REGION I
            [area] => West
        )

    [1] => Array
        (
            [distributor_code] => 113
            [distributor_name] => PT. Dunia Motor
            [owner_name] => Sulistiyono
            [address] => Jl. Sei Silau Timur
            [region_code] => 3811
            [region_name] => REGION I
            [area] => West
        )

    [2] => Array
        (
            [distributor_code] => 211
            [distributor_name] => PT. Sigma Motor
            [owner_name] => Debora
            [address] => Jl. Medan Merdeka Tenggara
            [region_code] => 3812
            [region_name] => REGION II
            [area] => West
        )

    [3] => Array
        (
            [distributor_code] => 314
            [distributor_name] => PT. Sumber Cahaya
            [owner_name] => Hikmawati
            [address] => Jl. Medan Merdeka Selatan
            [region_code] => 3813
            [region_name] => REGION III
            [area] => West
        )

    [4] => Array
        (
            [distributor_code] => 411
            [distributor_name] => PT. Kusuma Negara
            [owner_name] => Emmelina
            [address] => Jl. Medan Merdeka Barat
            [region_code] => 3814
            [region_name] => REGION IV
            [area] => West
        )

    [5] => Array
        (
            [distributor_code] => 513
            [distributor_name] => PT. Kurniadi Makmur
            [owner_name] => Anwar
            [address] => Jl. Surabaya Barat
            [region_code] => 3815
            [region_name] => REGION V
            [area] => East
        )

    [6] => Array
        (
            [distributor_code] => 612
            [distributor_name] => PT. Kapuas Jaya
            [owner_name] => Rudiyanto
            [address] => Jl. Sungai Kapuas
            [region_code] => 3816
            [region_name] => REGION VI
            [area] => East
        )

    [7] => Array
        (
            [distributor_code] => 711
            [distributor_name] => PT. Aneka Raya
            [owner_name] => Ignasius
            [address] => Jl. Ambon Raya
            [region_code] => 3817
            [region_name] => REGION VII
            [area] => East
        )

)

DEBUG - 2025-04-25 19:38:45 --> Counting for region: 
DEBUG - 2025-04-25 19:38:45 --> SQL: SELECT FOUND_ROWS() as count
DEBUG - 2025-04-25 19:38:45 --> Actual count: 8
ERROR - 2025-04-25 19:39:33 --> Array
(
    [0] => Array
        (
            [distributor_code] => 112
            [distributor_name] => PT. Makmur Jaya
            [owner_name] => Budiono
            [address] => Jl. Sibolga Barat
            [region_code] => 3811
            [region_name] => REGION I
            [area] => West
        )

    [1] => Array
        (
            [distributor_code] => 113
            [distributor_name] => PT. Dunia Motor
            [owner_name] => Sulistiyono
            [address] => Jl. Sei Silau Timur
            [region_code] => 3811
            [region_name] => REGION I
            [area] => West
        )

    [2] => Array
        (
            [distributor_code] => 211
            [distributor_name] => PT. Sigma Motor
            [owner_name] => Debora
            [address] => Jl. Medan Merdeka Tenggara
            [region_code] => 3812
            [region_name] => REGION II
            [area] => West
        )

    [3] => Array
        (
            [distributor_code] => 314
            [distributor_name] => PT. Sumber Cahaya
            [owner_name] => Hikmawati
            [address] => Jl. Medan Merdeka Selatan
            [region_code] => 3813
            [region_name] => REGION III
            [area] => West
        )

    [4] => Array
        (
            [distributor_code] => 411
            [distributor_name] => PT. Kusuma Negara
            [owner_name] => Emmelina
            [address] => Jl. Medan Merdeka Barat
            [region_code] => 3814
            [region_name] => REGION IV
            [area] => West
        )

    [5] => Array
        (
            [distributor_code] => 513
            [distributor_name] => PT. Kurniadi Makmur
            [owner_name] => Anwar
            [address] => Jl. Surabaya Barat
            [region_code] => 3815
            [region_name] => REGION V
            [area] => East
        )

    [6] => Array
        (
            [distributor_code] => 612
            [distributor_name] => PT. Kapuas Jaya
            [owner_name] => Rudiyanto
            [address] => Jl. Sungai Kapuas
            [region_code] => 3816
            [region_name] => REGION VI
            [area] => East
        )

    [7] => Array
        (
            [distributor_code] => 711
            [distributor_name] => PT. Aneka Raya
            [owner_name] => Ignasius
            [address] => Jl. Ambon Raya
            [region_code] => 3817
            [region_name] => REGION VII
            [area] => East
        )

)

DEBUG - 2025-04-25 19:39:33 --> Counting for region: 
DEBUG - 2025-04-25 19:39:33 --> SQL: SELECT FOUND_ROWS() as count
DEBUG - 2025-04-25 19:39:33 --> Actual count: 8
DEBUG - 2025-04-25 19:39:41 --> Session: Class initialized using 'CodeIgniter\Session\Handlers\FileHandler' driver.
DEBUG - 2025-04-25 19:40:38 --> Session: Class initialized using 'CodeIgniter\Session\Handlers\FileHandler' driver.
DEBUG - 2025-04-25 19:40:47 --> Session: Class initialized using 'CodeIgniter\Session\Handlers\FileHandler' driver.
ERROR - 2025-04-25 19:40:51 --> Array
(
    [0] => Array
        (
            [distributor_code] => 112
            [distributor_name] => PT. Makmur Jaya
            [owner_name] => Budiono
            [address] => Jl. Sibolga Barat
            [region_code] => 3811
            [region_name] => REGION I
            [area] => West
        )

    [1] => Array
        (
            [distributor_code] => 113
            [distributor_name] => PT. Dunia Motor
            [owner_name] => Sulistiyono
            [address] => Jl. Sei Silau Timur
            [region_code] => 3811
            [region_name] => REGION I
            [area] => West
        )

    [2] => Array
        (
            [distributor_code] => 211
            [distributor_name] => PT. Sigma Motor
            [owner_name] => Debora
            [address] => Jl. Medan Merdeka Tenggara
            [region_code] => 3812
            [region_name] => REGION II
            [area] => West
        )

    [3] => Array
        (
            [distributor_code] => 314
            [distributor_name] => PT. Sumber Cahaya
            [owner_name] => Hikmawati
            [address] => Jl. Medan Merdeka Selatan
            [region_code] => 3813
            [region_name] => REGION III
            [area] => West
        )

    [4] => Array
        (
            [distributor_code] => 411
            [distributor_name] => PT. Kusuma Negara
            [owner_name] => Emmelina
            [address] => Jl. Medan Merdeka Barat
            [region_code] => 3814
            [region_name] => REGION IV
            [area] => West
        )

    [5] => Array
        (
            [distributor_code] => 513
            [distributor_name] => PT. Kurniadi Makmur
            [owner_name] => Anwar
            [address] => Jl. Surabaya Barat
            [region_code] => 3815
            [region_name] => REGION V
            [area] => East
        )

    [6] => Array
        (
            [distributor_code] => 612
            [distributor_name] => PT. Kapuas Jaya
            [owner_name] => Rudiyanto
            [address] => Jl. Sungai Kapuas
            [region_code] => 3816
            [region_name] => REGION VI
            [area] => East
        )

    [7] => Array
        (
            [distributor_code] => 711
            [distributor_name] => PT. Aneka Raya
            [owner_name] => Ignasius
            [address] => Jl. Ambon Raya
            [region_code] => 3817
            [region_name] => REGION VII
            [area] => East
        )

)

DEBUG - 2025-04-25 19:40:51 --> Counting for region: 
DEBUG - 2025-04-25 19:40:51 --> SQL: SELECT FOUND_ROWS() as count
DEBUG - 2025-04-25 19:40:51 --> Actual count: 8
ERROR - 2025-04-25 19:40:55 --> Array
(
    [0] => Array
        (
            [distributor_code] => 314
            [distributor_name] => PT. Sumber Cahaya
            [owner_name] => Hikmawati
            [address] => Jl. Medan Merdeka Selatan
            [region_code] => 3813
            [region_name] => REGION III
            [area] => West
        )

)

DEBUG - 2025-04-25 19:40:55 --> Counting for region: 3813
DEBUG - 2025-04-25 19:40:55 --> SQL: SELECT FOUND_ROWS() as count
DEBUG - 2025-04-25 19:40:55 --> Actual count: 1
DEBUG - 2025-04-25 19:41:55 --> Session: Class initialized using 'CodeIgniter\Session\Handlers\FileHandler' driver.
ERROR - 2025-04-25 19:42:35 --> Array
(
    [0] => Array
        (
            [distributor_code] => 112
            [distributor_name] => PT. Makmur Jaya
            [owner_name] => Budiono
            [address] => Jl. Sibolga Barat
            [region_code] => 3811
            [region_name] => REGION I
            [area] => West
        )

    [1] => Array
        (
            [distributor_code] => 113
            [distributor_name] => PT. Dunia Motor
            [owner_name] => Sulistiyono
            [address] => Jl. Sei Silau Timur
            [region_code] => 3811
            [region_name] => REGION I
            [area] => West
        )

    [2] => Array
        (
            [distributor_code] => 205
            [distributor_name] => PT. Veni Jaya Abadi
            [owner_name] => Veni Vansurya
            [address] => Sungai Limau
            [region_code] => 3811
            [region_name] => REGION I
            [area] => West
        )

    [3] => Array
        (
            [distributor_code] => 211
            [distributor_name] => PT. Sigma Motor
            [owner_name] => Debora
            [address] => Jl. Medan Merdeka Tenggara
            [region_code] => 3812
            [region_name] => REGION II
            [area] => West
        )

    [4] => Array
        (
            [distributor_code] => 314
            [distributor_name] => PT. Sumber Cahaya
            [owner_name] => Hikmawati
            [address] => Jl. Medan Merdeka Selatan
            [region_code] => 3813
            [region_name] => REGION III
            [area] => West
        )

    [5] => Array
        (
            [distributor_code] => 411
            [distributor_name] => PT. Kusuma Negara
            [owner_name] => Emmelina
            [address] => Jl. Medan Merdeka Barat
            [region_code] => 3814
            [region_name] => REGION IV
            [area] => West
        )

    [6] => Array
        (
            [distributor_code] => 513
            [distributor_name] => PT. Kurniadi Makmur
            [owner_name] => Anwar
            [address] => Jl. Surabaya Barat
            [region_code] => 3815
            [region_name] => REGION V
            [area] => East
        )

    [7] => Array
        (
            [distributor_code] => 612
            [distributor_name] => PT. Kapuas Jaya
            [owner_name] => Rudiyanto
            [address] => Jl. Sungai Kapuas
            [region_code] => 3816
            [region_name] => REGION VI
            [area] => East
        )

    [8] => Array
        (
            [distributor_code] => 711
            [distributor_name] => PT. Aneka Raya
            [owner_name] => Ignasius
            [address] => Jl. Ambon Raya
            [region_code] => 3817
            [region_name] => REGION VII
            [area] => East
        )

)

DEBUG - 2025-04-25 19:42:35 --> Counting for region: 
DEBUG - 2025-04-25 19:42:35 --> SQL: SELECT FOUND_ROWS() as count
DEBUG - 2025-04-25 19:42:35 --> Actual count: 9
DEBUG - 2025-04-25 19:42:40 --> Session: Class initialized using 'CodeIgniter\Session\Handlers\FileHandler' driver.
ERROR - 2025-04-25 19:42:54 --> Array
(
    [0] => Array
        (
            [distributor_code] => 112
            [distributor_name] => PT. Makmur Jaya
            [owner_name] => Budiono
            [address] => Jl. Sibolga Barat
            [region_code] => 3811
            [region_name] => REGION I
            [area] => West
        )

    [1] => Array
        (
            [distributor_code] => 113
            [distributor_name] => PT. Dunia Motor
            [owner_name] => Sulistiyono
            [address] => Jl. Sei Silau Timur
            [region_code] => 3811
            [region_name] => REGION I
            [area] => West
        )

    [2] => Array
        (
            [distributor_code] => 205
            [distributor_name] => PT. Veni Jaya Abadi
            [owner_name] => Veni Vansurya
            [address] => Sungai Limau Baru
            [region_code] => 3811
            [region_name] => REGION I
            [area] => West
        )

    [3] => Array
        (
            [distributor_code] => 211
            [distributor_name] => PT. Sigma Motor
            [owner_name] => Debora
            [address] => Jl. Medan Merdeka Tenggara
            [region_code] => 3812
            [region_name] => REGION II
            [area] => West
        )

    [4] => Array
        (
            [distributor_code] => 314
            [distributor_name] => PT. Sumber Cahaya
            [owner_name] => Hikmawati
            [address] => Jl. Medan Merdeka Selatan
            [region_code] => 3813
            [region_name] => REGION III
            [area] => West
        )

    [5] => Array
        (
            [distributor_code] => 411
            [distributor_name] => PT. Kusuma Negara
            [owner_name] => Emmelina
            [address] => Jl. Medan Merdeka Barat
            [region_code] => 3814
            [region_name] => REGION IV
            [area] => West
        )

    [6] => Array
        (
            [distributor_code] => 513
            [distributor_name] => PT. Kurniadi Makmur
            [owner_name] => Anwar
            [address] => Jl. Surabaya Barat
            [region_code] => 3815
            [region_name] => REGION V
            [area] => East
        )

    [7] => Array
        (
            [distributor_code] => 612
            [distributor_name] => PT. Kapuas Jaya
            [owner_name] => Rudiyanto
            [address] => Jl. Sungai Kapuas
            [region_code] => 3816
            [region_name] => REGION VI
            [area] => East
        )

    [8] => Array
        (
            [distributor_code] => 711
            [distributor_name] => PT. Aneka Raya
            [owner_name] => Ignasius
            [address] => Jl. Ambon Raya
            [region_code] => 3817
            [region_name] => REGION VII
            [area] => East
        )

)

DEBUG - 2025-04-25 19:42:54 --> Counting for region: 
DEBUG - 2025-04-25 19:42:54 --> SQL: SELECT FOUND_ROWS() as count
DEBUG - 2025-04-25 19:42:54 --> Actual count: 9
ERROR - 2025-04-25 19:43:55 --> Array
(
    [0] => Array
        (
            [distributor_code] => 112
            [distributor_name] => PT. Makmur Jaya
            [owner_name] => Budiono
            [address] => Jl. Sibolga Barat
            [region_code] => 3811
            [region_name] => REGION I
            [area] => West
        )

    [1] => Array
        (
            [distributor_code] => 113
            [distributor_name] => PT. Dunia Motor
            [owner_name] => Sulistiyono
            [address] => Jl. Sei Silau Timur
            [region_code] => 3811
            [region_name] => REGION I
            [area] => West
        )

    [2] => Array
        (
            [distributor_code] => 211
            [distributor_name] => PT. Sigma Motor
            [owner_name] => Debora
            [address] => Jl. Medan Merdeka Tenggara
            [region_code] => 3812
            [region_name] => REGION II
            [area] => West
        )

    [3] => Array
        (
            [distributor_code] => 314
            [distributor_name] => PT. Sumber Cahaya
            [owner_name] => Hikmawati
            [address] => Jl. Medan Merdeka Selatan
            [region_code] => 3813
            [region_name] => REGION III
            [area] => West
        )

    [4] => Array
        (
            [distributor_code] => 411
            [distributor_name] => PT. Kusuma Negara
            [owner_name] => Emmelina
            [address] => Jl. Medan Merdeka Barat
            [region_code] => 3814
            [region_name] => REGION IV
            [area] => West
        )

    [5] => Array
        (
            [distributor_code] => 513
            [distributor_name] => PT. Kurniadi Makmur
            [owner_name] => Anwar
            [address] => Jl. Surabaya Barat
            [region_code] => 3815
            [region_name] => REGION V
            [area] => East
        )

    [6] => Array
        (
            [distributor_code] => 612
            [distributor_name] => PT. Kapuas Jaya
            [owner_name] => Rudiyanto
            [address] => Jl. Sungai Kapuas
            [region_code] => 3816
            [region_name] => REGION VI
            [area] => East
        )

    [7] => Array
        (
            [distributor_code] => 711
            [distributor_name] => PT. Aneka Raya
            [owner_name] => Ignasius
            [address] => Jl. Ambon Raya
            [region_code] => 3817
            [region_name] => REGION VII
            [area] => East
        )

)

DEBUG - 2025-04-25 19:43:55 --> Counting for region: 
DEBUG - 2025-04-25 19:43:55 --> SQL: SELECT FOUND_ROWS() as count
DEBUG - 2025-04-25 19:43:55 --> Actual count: 8
ERROR - 2025-04-25 19:43:58 --> Array
(
    [0] => Array
        (
            [distributor_code] => 314
            [distributor_name] => PT. Sumber Cahaya
            [owner_name] => Hikmawati
            [address] => Jl. Medan Merdeka Selatan
            [region_code] => 3813
            [region_name] => REGION III
            [area] => West
        )

)

DEBUG - 2025-04-25 19:43:58 --> Counting for region: 3813
DEBUG - 2025-04-25 19:43:58 --> SQL: SELECT FOUND_ROWS() as count
DEBUG - 2025-04-25 19:43:58 --> Actual count: 1
