ERROR - 2025-04-28 00:47:58 --> Error connecting to the database: mysqli_sql_exception: No connection could be made because the target machine actively refused it in C:\xampp\htdocs\distributor-monitoring\codeigniter4-framework-96a1e60\system\Database\MySQLi\Connection.php:201
Stack trace:
#0 C:\xampp\htdocs\distributor-monitoring\codeigniter4-framework-96a1e60\system\Database\MySQLi\Connection.php(201): mysqli->real_connect('localhost', 'root', Object(SensitiveParameterValue), 'distributor_db', 3306, '', 0)
#1 C:\xampp\htdocs\distributor-monitoring\codeigniter4-framework-96a1e60\system\Database\BaseConnection.php(421): CodeIgniter\Database\MySQLi\Connection->connect(false)
#2 C:\xampp\htdocs\distributor-monitoring\codeigniter4-framework-96a1e60\system\Database\BaseConnection.php(620): CodeIgniter\Database\BaseConnection->initialize()
#3 C:\xampp\htdocs\distributor-monitoring\codeigniter4-framework-96a1e60\system\Database\BaseBuilder.php(1649): CodeIgniter\Database\BaseConnection->query('SELECT *\nFROM `...', Array, false)
#4 C:\xampp\htdocs\distributor-monitoring\codeigniter4-framework-96a1e60\system\Model.php(286): CodeIgniter\Database\BaseBuilder->get()
#5 C:\xampp\htdocs\distributor-monitoring\codeigniter4-framework-96a1e60\system\BaseModel.php(675): CodeIgniter\Model->doFindAll(0, 0)
#6 C:\xampp\htdocs\distributor-monitoring\codeigniter4-framework-96a1e60\app\Controllers\DistributorController.php(21): CodeIgniter\BaseModel->findAll()
#7 C:\xampp\htdocs\distributor-monitoring\codeigniter4-framework-96a1e60\system\CodeIgniter.php(933): App\Controllers\DistributorController->index()
#8 C:\xampp\htdocs\distributor-monitoring\codeigniter4-framework-96a1e60\system\CodeIgniter.php(507): CodeIgniter\CodeIgniter->runController(Object(App\Controllers\DistributorController))
#9 C:\xampp\htdocs\distributor-monitoring\codeigniter4-framework-96a1e60\system\CodeIgniter.php(354): CodeIgniter\CodeIgniter->handleRequest(NULL, Object(Config\Cache), false)
#10 C:\xampp\htdocs\distributor-monitoring\codeigniter4-framework-96a1e60\system\Boot.php(334): CodeIgniter\CodeIgniter->run()
#11 C:\xampp\htdocs\distributor-monitoring\codeigniter4-framework-96a1e60\system\Boot.php(67): CodeIgniter\Boot::runCodeIgniter(Object(CodeIgniter\CodeIgniter))
#12 C:\xampp\htdocs\distributor-monitoring\codeigniter4-framework-96a1e60\public\index.php(56): CodeIgniter\Boot::bootWeb(Object(Config\Paths))
#13 C:\xampp\htdocs\distributor-monitoring\codeigniter4-framework-96a1e60\system\rewrite.php(44): require_once('C:\\xampp\\htdocs...')
#14 {main}

Next CodeIgniter\Database\Exceptions\DatabaseException: No connection could be made because the target machine actively refused it in C:\xampp\htdocs\distributor-monitoring\codeigniter4-framework-96a1e60\system\Database\MySQLi\Connection.php:246
Stack trace:
#0 C:\xampp\htdocs\distributor-monitoring\codeigniter4-framework-96a1e60\system\Database\BaseConnection.php(421): CodeIgniter\Database\MySQLi\Connection->connect(false)
#1 C:\xampp\htdocs\distributor-monitoring\codeigniter4-framework-96a1e60\system\Database\BaseConnection.php(620): CodeIgniter\Database\BaseConnection->initialize()
#2 C:\xampp\htdocs\distributor-monitoring\codeigniter4-framework-96a1e60\system\Database\BaseBuilder.php(1649): CodeIgniter\Database\BaseConnection->query('SELECT *\nFROM `...', Array, false)
#3 C:\xampp\htdocs\distributor-monitoring\codeigniter4-framework-96a1e60\system\Model.php(286): CodeIgniter\Database\BaseBuilder->get()
#4 C:\xampp\htdocs\distributor-monitoring\codeigniter4-framework-96a1e60\system\BaseModel.php(675): CodeIgniter\Model->doFindAll(0, 0)
#5 C:\xampp\htdocs\distributor-monitoring\codeigniter4-framework-96a1e60\app\Controllers\DistributorController.php(21): CodeIgniter\BaseModel->findAll()
#6 C:\xampp\htdocs\distributor-monitoring\codeigniter4-framework-96a1e60\system\CodeIgniter.php(933): App\Controllers\DistributorController->index()
#7 C:\xampp\htdocs\distributor-monitoring\codeigniter4-framework-96a1e60\system\CodeIgniter.php(507): CodeIgniter\CodeIgniter->runController(Object(App\Controllers\DistributorController))
#8 C:\xampp\htdocs\distributor-monitoring\codeigniter4-framework-96a1e60\system\CodeIgniter.php(354): CodeIgniter\CodeIgniter->handleRequest(NULL, Object(Config\Cache), false)
#9 C:\xampp\htdocs\distributor-monitoring\codeigniter4-framework-96a1e60\system\Boot.php(334): CodeIgniter\CodeIgniter->run()
#10 C:\xampp\htdocs\distributor-monitoring\codeigniter4-framework-96a1e60\system\Boot.php(67): CodeIgniter\Boot::runCodeIgniter(Object(CodeIgniter\CodeIgniter))
#11 C:\xampp\htdocs\distributor-monitoring\codeigniter4-framework-96a1e60\public\index.php(56): CodeIgniter\Boot::bootWeb(Object(Config\Paths))
#12 C:\xampp\htdocs\distributor-monitoring\codeigniter4-framework-96a1e60\system\rewrite.php(44): require_once('C:\\xampp\\htdocs...')
#13 {main}
CRITICAL - 2025-04-28 00:47:58 --> CodeIgniter\Database\Exceptions\DatabaseException: Unable to connect to the database.
Main connection [MySQLi]: No connection could be made because the target machine actively refused it
[Method: GET, Route: distributors]
in SYSTEMPATH\Database\BaseConnection.php on line 467.
 1 SYSTEMPATH\Database\BaseConnection.php(620): CodeIgniter\Database\BaseConnection->initialize()
 2 SYSTEMPATH\Database\BaseBuilder.php(1649): CodeIgniter\Database\BaseConnection->query('SELECT *
FROM `regions`', [], false)
 3 SYSTEMPATH\Model.php(286): CodeIgniter\Database\BaseBuilder->get()
 4 SYSTEMPATH\BaseModel.php(675): CodeIgniter\Model->doFindAll(0, 0)
 5 APPPATH\Controllers\DistributorController.php(21): CodeIgniter\BaseModel->findAll()
 6 SYSTEMPATH\CodeIgniter.php(933): App\Controllers\DistributorController->index()
 7 SYSTEMPATH\CodeIgniter.php(507): CodeIgniter\CodeIgniter->runController(Object(App\Controllers\DistributorController))
 8 SYSTEMPATH\CodeIgniter.php(354): CodeIgniter\CodeIgniter->handleRequest(null, Object(Config\Cache), false)
 9 SYSTEMPATH\Boot.php(334): CodeIgniter\CodeIgniter->run()
10 SYSTEMPATH\Boot.php(67): CodeIgniter\Boot::runCodeIgniter(Object(CodeIgniter\CodeIgniter))
11 FCPATH\index.php(56): CodeIgniter\Boot::bootWeb(Object(Config\Paths))
12 SYSTEMPATH\rewrite.php(44): require_once('C:\\xampp\\htdocs\\distributor-monitoring\\codeigniter4-framework-96a1e60\\public\\index.php')
